<?xml version="1.0" encoding="UTF-8"?>
<!-- Generated by org.testng.reporters.JUnitXMLReporter -->
<testsuite hostname="Comets-MBP.attlocal.net" ignored="0" name="Default test" tests="3" failures="0" timestamp="2023-02-22T21:29:02 CST" time="31.556" errors="0">
  <testcase name="userShouldBeAbleToAddUniqueCategoryName" time="14.391" classname="tests.AutomationPracticalTestsTestNG"/>
  <testcase name="userShouldBeUnableToAddDupicateCategoryName" time="6.272" classname="tests.AutomationPracticalTestsTestNG"/>
  <testcase name="validateMonthsDropDown" time="0.113" classname="tests.AutomationPracticalTestsTestNG"/>
</testsuite> <!-- Default test -->
