<?xml version="1.0" encoding="UTF-8"?>
<!-- Generated by org.testng.reporters.JUnitXMLReporter -->
<testsuite hostname="Comets-MBP.attlocal.net" ignored="0" name="Default test" tests="3" failures="0" timestamp="2023-02-19T17:20:03 CST" time="25.711" errors="0">
  <testcase name="userShouldBeAbleToAddUniqueCategoryName" time="12.258" classname="tests.AutomationPracticalTestsTestNG"/>
  <testcase name="userShouldBeUnableToAddDupicateCategoryName" time="6.333" classname="tests.AutomationPracticalTestsTestNG"/>
  <testcase name="validateMonthsDropDown" time="0.19" classname="tests.AutomationPracticalTestsTestNG"/>
</testsuite> <!-- Default test -->
